<?xml version="1.0" encoding="UTF-8"?>
<!-- Generated by org.testng.reporters.JUnitReportReporter -->
<testsuite hostname="WKSPUN05DR31109" name="com.qcim.SuiteFour.Verify_MissingDateOrdered" tests="1" failures="0" timestamp="16 Mar 2016 11:30:16 GMT" time="83.875" errors="0">
  <testcase name="TestCase_012" time="83.875" classname="com.qcim.SuiteFour.Verify_MissingDateOrdered"/>
</testsuite> <!-- com.qcim.SuiteFour.Verify_MissingDateOrdered -->
