<?xml version="1.0" encoding="UTF-8"?>
<!-- Generated by org.testng.reporters.JUnitReportReporter -->
<testsuite hostname="2LY89F2" name="com.qcim.SuiteOne.Verify_SiteAvailability" tests="1" failures="0" timestamp="22 Aug 2017 14:55:31 GMT" time="52.824" errors="0">
  <testcase name="TestCase_001" time="52.824" classname="com.qcim.SuiteOne.Verify_SiteAvailability"/>
</testsuite> <!-- com.qcim.SuiteOne.Verify_SiteAvailability -->
