<?xml version="1.0" encoding="UTF-8"?>
<!-- Generated by org.testng.reporters.JUnitReportReporter -->
<testsuite hostname="WKSPUN05DR31109" name="com.qcim.SuiteThree.Verify_ColMissDocDesc" tests="1" failures="0" timestamp="16 Mar 2016 11:30:16 GMT" time="93.320" errors="0">
  <testcase name="TestCase_008" time="93.320" classname="com.qcim.SuiteThree.Verify_ColMissDocDesc"/>
</testsuite> <!-- com.qcim.SuiteThree.Verify_ColMissDocDesc -->
