<?xml version="1.0" encoding="UTF-8"?>
<!-- Generated by org.testng.reporters.JUnitReportReporter -->
<testsuite hostname="WKSPUN05DR37313" name="com.qcim.SuiteTwo.Verify_LoanTabRecords" tests="1" failures="0" timestamp="9 Jul 2015 05:37:47 GMT" time="92.450" errors="0">
  <testcase name="TestCase_004" time="92.450" classname="com.qcim.SuiteTwo.Verify_LoanTabRecords"/>
</testsuite> <!-- com.qcim.SuiteTwo.Verify_LoanTabRecords -->
