<?xml version="1.0" encoding="UTF-8"?>
<!-- Generated by org.testng.reporters.JUnitReportReporter -->
<testsuite hostname="WKSPUN05DR37313" name="com.qcim.SuiteThree.CalDateTest" tests="1" failures="0" timestamp="21 Jul 2015 05:11:40 GMT" time="0.027" errors="0">
  <testcase name="main" time="0.027" classname="com.qcim.SuiteThree.CalDateTest"/>
</testsuite> <!-- com.qcim.SuiteThree.CalDateTest -->
