<?xml version="1.0" encoding="UTF-8"?>
<!-- Generated by org.testng.reporters.JUnitReportReporter -->
<testsuite hostname="WKSPUN05DR31109" name="com.qcim.SuiteTwo.Verify_AppealsTabRecords" tests="1" failures="0" timestamp="16 Mar 2016 11:30:16 GMT" time="69.288" errors="0">
  <testcase name="TestCase_007" time="69.288" classname="com.qcim.SuiteTwo.Verify_AppealsTabRecords"/>
</testsuite> <!-- com.qcim.SuiteTwo.Verify_AppealsTabRecords -->
