<?xml version="1.0" encoding="UTF-8"?>
<!-- Generated by org.testng.reporters.JUnitReportReporter -->
<testsuite hostname="WKSPUN05DR31109" name="com.qcim.SuiteOne.Verify_QuickReportcount" tests="1" failures="0" timestamp="16 Mar 2016 11:30:16 GMT" time="100.791" errors="0">
  <testcase name="TestCase_003" time="100.791" classname="com.qcim.SuiteOne.Verify_QuickReportcount"/>
</testsuite> <!-- com.qcim.SuiteOne.Verify_QuickReportcount -->
