<?xml version="1.0" encoding="UTF-8"?>
<!-- Generated by org.testng.reporters.JUnitReportReporter -->
<testsuite hostname="WKSPUN05DR37313" name="com.qcim.SuiteThree.Verify_LoansTab_1stFileReqDate" tests="1" failures="0" timestamp="22 Jul 2015 10:05:48 GMT" time="335.642" errors="0">
  <testcase name="TestCase_009" time="335.642" classname="com.qcim.SuiteThree.Verify_LoansTab_1stFileReqDate"/>
</testsuite> <!-- com.qcim.SuiteThree.Verify_LoansTab_1stFileReqDate -->
