<?xml version="1.0" encoding="UTF-8"?>
<!-- Generated by org.testng.reporters.JUnitReportReporter -->
<testsuite hostname="WKSPUN05DR31109" name="com.qcim.SuiteFour.Verify_AppealDtAppealReceived" tests="1" failures="0" timestamp="16 Mar 2016 11:30:16 GMT" time="75.570" errors="0">
  <testcase name="TestCase_014" time="75.570" classname="com.qcim.SuiteFour.Verify_AppealDtAppealReceived"/>
</testsuite> <!-- com.qcim.SuiteFour.Verify_AppealDtAppealReceived -->
