<?xml version="1.0" encoding="UTF-8"?>
<!-- Generated by org.testng.reporters.JUnitReportReporter -->
<testsuite hostname="WKSPUN05DR37313" name="com.qcim.SuiteOne.Verify_RMlinkaccess" tests="1" failures="0" timestamp="4 Aug 2015 12:02:48 GMT" time="79.742" errors="0">
  <testcase name="TestCase_016" time="79.742" classname="com.qcim.SuiteOne.Verify_RMlinkaccess"/>
</testsuite> <!-- com.qcim.SuiteOne.Verify_RMlinkaccess -->
