<?xml version="1.0" encoding="UTF-8"?>
<!-- Generated by org.testng.reporters.JUnitReportReporter -->
<testsuite hostname="WKSPUN05DR37313" name="com.qcim.SuiteOne.Verify_LoanTabReocrds" tests="1" failures="0" timestamp="8 Jul 2015 12:30:55 GMT" time="64.016" errors="0">
  <testcase name="TestCase_004" time="64.016" classname="com.qcim.SuiteOne.Verify_LoanTabReocrds"/>
</testsuite> <!-- com.qcim.SuiteOne.Verify_LoanTabReocrds -->
